------------------------------------------------------------------------------------------------------------------------

[2022-10-19 09:58:10 #1 store] 
Database 'C:\Users\uroa3\Desktop\Proyecto IS2\BetCompleted22\src\main\resources\bets.temp' is opened by 11328@LAPTOP-SDHIQ3T1

[2022-10-19 09:58:10 #2 type.registry] 
New type domain.Sport

[2022-10-19 09:58:10 #3 type] 
Type domain.Sport is not enhanced.

[2022-10-19 09:58:10 #4 type.registry] 
New type domain.KirolEstatistikak

[2022-10-19 09:58:10 #5 type.registry] 
New type java.util.Vector<domain.KirolEstatistikak>

[2022-10-19 09:58:10 #6 type.registry] 
New type domain.Event

[2022-10-19 09:58:10 #7 type.registry] 
New type java.util.Vector<domain.Event>

[2022-10-19 09:58:10 #8 type] 
Type domain.KirolEstatistikak is not enhanced.

[2022-10-19 09:58:10 #9 type.registry] 
New type domain.User

[2022-10-19 09:58:10 #10 type.registry] 
New type domain.Registered

[2022-10-19 09:58:10 #11 type] 
Type domain.Event is not enhanced.

[2022-10-19 09:58:10 #12 type.registry] 
New type domain.Team

[2022-10-19 09:58:10 #13 type.registry] 
New type domain.Question

[2022-10-19 09:58:10 #14 type.registry] 
New type java.util.Vector<domain.Question>

[2022-10-19 09:58:10 #15 type] 
Type domain.User is not enhanced.

[2022-10-19 09:58:10 #16 type.registry] 
New type domain.Elkarrizketa

[2022-10-19 09:58:10 #17 type.registry] 
New type java.util.Vector<domain.Elkarrizketa>

[2022-10-19 09:58:10 #18 type.registry] 
New type domain.Message

[2022-10-19 09:58:10 #19 type.registry] 
New type java.util.Vector<domain.Message>

[2022-10-19 09:58:10 #20 type] 
Type domain.Registered is not enhanced.

[2022-10-19 09:58:10 #21 type.registry] 
New type domain.Jarraitzailea

[2022-10-19 09:58:10 #22 type.registry] 
New type java.util.Vector<domain.Jarraitzailea>

[2022-10-19 09:58:10 #23 type.registry] 
New type domain.ApustuAnitza

[2022-10-19 09:58:10 #24 type.registry] 
New type java.util.Vector<domain.ApustuAnitza>

[2022-10-19 09:58:10 #25 type.registry] 
New type domain.Transaction

[2022-10-19 09:58:10 #26 type.registry] 
New type java.util.Vector<domain.Transaction>

[2022-10-19 09:58:10 #27 type] 
Type domain.Team is not enhanced.

[2022-10-19 09:58:10 #28 type.registry] 
New type java.util.Vector<domain.Registered>

[2022-10-19 09:58:10 #29 type] 
Type domain.Question is not enhanced.

[2022-10-19 09:58:10 #30 type.registry] 
New type domain.Quote

[2022-10-19 09:58:10 #31 type.registry] 
New type java.util.Vector<domain.Quote>

[2022-10-19 09:58:10 #32 type] 
Type domain.Elkarrizketa is not enhanced.

[2022-10-19 09:58:10 #33 type] 
Type domain.Message is not enhanced.

[2022-10-19 09:58:10 #34 type] 
Type domain.Jarraitzailea is not enhanced.

[2022-10-19 09:58:10 #35 type] 
Type domain.ApustuAnitza is not enhanced.

[2022-10-19 09:58:10 #36 type.registry] 
New type domain.Apustua

[2022-10-19 09:58:10 #37 type.registry] 
New type java.util.Vector<domain.Apustua>

[2022-10-19 09:58:10 #38 type] 
Type domain.Transaction is not enhanced.

[2022-10-19 09:58:10 #39 type] 
Type domain.Quote is not enhanced.

[2022-10-19 09:58:10 #40 type] 
Type domain.Apustua is not enhanced.

------------------------------------------------------------------------------------------------------------------------

[2022-10-19 10:00:08 #1 store] 
Database 'C:\Users\uroa3\Desktop\Proyecto IS2\BetCompleted22\src\main\resources\bets.temp' is opened by 4636@LAPTOP-SDHIQ3T1

[2022-10-19 10:00:08 #2 type.registry] 
New type domain.Sport

[2022-10-19 10:00:08 #3 type] 
Type domain.Sport is not enhanced.

[2022-10-19 10:00:08 #4 type.registry] 
New type domain.KirolEstatistikak

[2022-10-19 10:00:08 #5 type.registry] 
New type java.util.Vector<domain.KirolEstatistikak>

[2022-10-19 10:00:09 #6 type.registry] 
New type domain.Event

[2022-10-19 10:00:09 #7 type.registry] 
New type java.util.Vector<domain.Event>

[2022-10-19 10:00:09 #8 type] 
Type domain.KirolEstatistikak is not enhanced.

[2022-10-19 10:00:09 #9 type.registry] 
New type domain.User

[2022-10-19 10:00:09 #10 type.registry] 
New type domain.Registered

[2022-10-19 10:00:09 #11 type] 
Type domain.Event is not enhanced.

[2022-10-19 10:00:09 #12 type.registry] 
New type domain.Team

[2022-10-19 10:00:09 #13 type.registry] 
New type domain.Question

[2022-10-19 10:00:09 #14 type.registry] 
New type java.util.Vector<domain.Question>

[2022-10-19 10:00:09 #15 type] 
Type domain.User is not enhanced.

[2022-10-19 10:00:09 #16 type.registry] 
New type domain.Elkarrizketa

[2022-10-19 10:00:09 #17 type.registry] 
New type java.util.Vector<domain.Elkarrizketa>

[2022-10-19 10:00:09 #18 type.registry] 
New type domain.Message

[2022-10-19 10:00:09 #19 type.registry] 
New type java.util.Vector<domain.Message>

[2022-10-19 10:00:09 #20 type] 
Type domain.Registered is not enhanced.

[2022-10-19 10:00:09 #21 type.registry] 
New type domain.Jarraitzailea

[2022-10-19 10:00:09 #22 type.registry] 
New type java.util.Vector<domain.Jarraitzailea>

[2022-10-19 10:00:09 #23 type.registry] 
New type domain.ApustuAnitza

[2022-10-19 10:00:09 #24 type.registry] 
New type java.util.Vector<domain.ApustuAnitza>

[2022-10-19 10:00:09 #25 type.registry] 
New type domain.Transaction

[2022-10-19 10:00:09 #26 type.registry] 
New type java.util.Vector<domain.Transaction>

[2022-10-19 10:00:09 #27 type] 
Type domain.Team is not enhanced.

[2022-10-19 10:00:09 #28 type.registry] 
New type java.util.Vector<domain.Registered>

[2022-10-19 10:00:09 #29 type] 
Type domain.Question is not enhanced.

[2022-10-19 10:00:09 #30 type.registry] 
New type domain.Quote

[2022-10-19 10:00:09 #31 type.registry] 
New type java.util.Vector<domain.Quote>

[2022-10-19 10:00:09 #32 type] 
Type domain.Elkarrizketa is not enhanced.

[2022-10-19 10:00:09 #33 type] 
Type domain.Message is not enhanced.

[2022-10-19 10:00:09 #34 type] 
Type domain.Jarraitzailea is not enhanced.

[2022-10-19 10:00:09 #35 type] 
Type domain.ApustuAnitza is not enhanced.

[2022-10-19 10:00:09 #36 type.registry] 
New type domain.Apustua

[2022-10-19 10:00:09 #37 type.registry] 
New type java.util.Vector<domain.Apustua>

[2022-10-19 10:00:09 #38 type] 
Type domain.Transaction is not enhanced.

[2022-10-19 10:00:09 #39 type] 
Type domain.Quote is not enhanced.

[2022-10-19 10:00:09 #40 type] 
Type domain.Apustua is not enhanced.

