------------------------------------------------------------------------------------------------------------------------

[2022-10-13 17:16:46 #1 store] 
Database 'C:\Users\uroa3\Desktop\Proyecto IS2\BetCompleted22\src\main\resources\bets.temp' has been recovered (tr. 1-2)

[2022-10-13 17:16:46 #2 store] 
Database 'C:\Users\uroa3\Desktop\Proyecto IS2\BetCompleted22\src\main\resources\bets.temp' is opened by 15140@LAPTOP-SDHIQ3T1

[2022-10-13 17:16:46 #3 type.registry] 
New type domain.Sport

[2022-10-13 17:16:46 #4 type] 
Type domain.Sport is not enhanced.

[2022-10-13 17:16:46 #5 type.registry] 
New type domain.KirolEstatistikak

[2022-10-13 17:16:46 #6 type.registry] 
New type java.util.Vector<domain.KirolEstatistikak>

[2022-10-13 17:16:46 #7 type.registry] 
New type domain.Event

[2022-10-13 17:16:46 #8 type.registry] 
New type java.util.Vector<domain.Event>

[2022-10-13 17:16:46 #9 type] 
Type domain.KirolEstatistikak is not enhanced.

[2022-10-13 17:16:46 #10 type.registry] 
New type domain.User

[2022-10-13 17:16:46 #11 type.registry] 
New type domain.Registered

[2022-10-13 17:16:46 #12 type] 
Type domain.Event is not enhanced.

[2022-10-13 17:16:46 #13 type.registry] 
New type domain.Team

[2022-10-13 17:16:46 #14 type.registry] 
New type domain.Question

[2022-10-13 17:16:46 #15 type.registry] 
New type java.util.Vector<domain.Question>

[2022-10-13 17:16:46 #16 type] 
Type domain.User is not enhanced.

[2022-10-13 17:16:46 #17 type.registry] 
New type domain.Elkarrizketa

[2022-10-13 17:16:46 #18 type.registry] 
New type java.util.Vector<domain.Elkarrizketa>

[2022-10-13 17:16:46 #19 type.registry] 
New type domain.Message

[2022-10-13 17:16:46 #20 type.registry] 
New type java.util.Vector<domain.Message>

[2022-10-13 17:16:46 #21 type] 
Type domain.Registered is not enhanced.

[2022-10-13 17:16:46 #22 type.registry] 
New type domain.Jarraitzailea

[2022-10-13 17:16:46 #23 type.registry] 
New type java.util.Vector<domain.Jarraitzailea>

[2022-10-13 17:16:46 #24 type.registry] 
New type domain.ApustuAnitza

[2022-10-13 17:16:46 #25 type.registry] 
New type java.util.Vector<domain.ApustuAnitza>

[2022-10-13 17:16:46 #26 type.registry] 
New type domain.Transaction

[2022-10-13 17:16:46 #27 type.registry] 
New type java.util.Vector<domain.Transaction>

[2022-10-13 17:16:46 #28 type] 
Type domain.Team is not enhanced.

[2022-10-13 17:16:46 #29 type.registry] 
New type java.util.Vector<domain.Registered>

[2022-10-13 17:16:46 #30 type] 
Type domain.Question is not enhanced.

[2022-10-13 17:16:46 #31 type.registry] 
New type domain.Quote

[2022-10-13 17:16:46 #32 type.registry] 
New type java.util.Vector<domain.Quote>

[2022-10-13 17:16:46 #33 type] 
Type domain.Elkarrizketa is not enhanced.

[2022-10-13 17:16:46 #34 type] 
Type domain.Message is not enhanced.

[2022-10-13 17:16:46 #35 type] 
Type domain.Jarraitzailea is not enhanced.

[2022-10-13 17:16:46 #36 type] 
Type domain.ApustuAnitza is not enhanced.

[2022-10-13 17:16:46 #37 type.registry] 
New type domain.Apustua

[2022-10-13 17:16:46 #38 type.registry] 
New type java.util.Vector<domain.Apustua>

[2022-10-13 17:16:46 #39 type] 
Type domain.Transaction is not enhanced.

[2022-10-13 17:16:46 #40 type] 
Type domain.Quote is not enhanced.

[2022-10-13 17:16:46 #41 type] 
Type domain.Apustua is not enhanced.

------------------------------------------------------------------------------------------------------------------------

[2022-10-13 17:16:54 #1 store] 
Database 'C:\Users\uroa3\Desktop\Proyecto IS2\BetCompleted22\src\main\resources\bets.temp' is opened by 12672@LAPTOP-SDHIQ3T1

[2022-10-13 17:16:54 #2 type.registry] 
New type domain.Sport

[2022-10-13 17:16:54 #3 type] 
Type domain.Sport is not enhanced.

[2022-10-13 17:16:54 #4 type.registry] 
New type domain.KirolEstatistikak

[2022-10-13 17:16:54 #5 type.registry] 
New type java.util.Vector<domain.KirolEstatistikak>

[2022-10-13 17:16:54 #6 type.registry] 
New type domain.Event

[2022-10-13 17:16:54 #7 type.registry] 
New type java.util.Vector<domain.Event>

[2022-10-13 17:16:54 #8 type] 
Type domain.KirolEstatistikak is not enhanced.

[2022-10-13 17:16:54 #9 type.registry] 
New type domain.User

[2022-10-13 17:16:54 #10 type.registry] 
New type domain.Registered

[2022-10-13 17:16:54 #11 type] 
Type domain.Event is not enhanced.

[2022-10-13 17:16:54 #12 type.registry] 
New type domain.Team

[2022-10-13 17:16:54 #13 type.registry] 
New type domain.Question

[2022-10-13 17:16:54 #14 type.registry] 
New type java.util.Vector<domain.Question>

[2022-10-13 17:16:54 #15 type] 
Type domain.User is not enhanced.

[2022-10-13 17:16:54 #16 type.registry] 
New type domain.Elkarrizketa

[2022-10-13 17:16:54 #17 type.registry] 
New type java.util.Vector<domain.Elkarrizketa>

[2022-10-13 17:16:54 #18 type.registry] 
New type domain.Message

[2022-10-13 17:16:54 #19 type.registry] 
New type java.util.Vector<domain.Message>

[2022-10-13 17:16:54 #20 type] 
Type domain.Registered is not enhanced.

[2022-10-13 17:16:54 #21 type.registry] 
New type domain.Jarraitzailea

[2022-10-13 17:16:54 #22 type.registry] 
New type java.util.Vector<domain.Jarraitzailea>

[2022-10-13 17:16:54 #23 type.registry] 
New type domain.ApustuAnitza

[2022-10-13 17:16:54 #24 type.registry] 
New type java.util.Vector<domain.ApustuAnitza>

[2022-10-13 17:16:54 #25 type.registry] 
New type domain.Transaction

[2022-10-13 17:16:54 #26 type.registry] 
New type java.util.Vector<domain.Transaction>

[2022-10-13 17:16:54 #27 type] 
Type domain.Team is not enhanced.

[2022-10-13 17:16:54 #28 type.registry] 
New type java.util.Vector<domain.Registered>

[2022-10-13 17:16:54 #29 type] 
Type domain.Question is not enhanced.

[2022-10-13 17:16:54 #30 type.registry] 
New type domain.Quote

[2022-10-13 17:16:54 #31 type.registry] 
New type java.util.Vector<domain.Quote>

[2022-10-13 17:16:54 #32 type] 
Type domain.Elkarrizketa is not enhanced.

[2022-10-13 17:16:54 #33 type] 
Type domain.Message is not enhanced.

[2022-10-13 17:16:54 #34 type] 
Type domain.Jarraitzailea is not enhanced.

[2022-10-13 17:16:54 #35 type] 
Type domain.ApustuAnitza is not enhanced.

[2022-10-13 17:16:54 #36 type.registry] 
New type domain.Apustua

[2022-10-13 17:16:54 #37 type.registry] 
New type java.util.Vector<domain.Apustua>

[2022-10-13 17:16:54 #38 type] 
Type domain.Transaction is not enhanced.

[2022-10-13 17:16:54 #39 type] 
Type domain.Quote is not enhanced.

[2022-10-13 17:16:54 #40 type] 
Type domain.Apustua is not enhanced.

------------------------------------------------------------------------------------------------------------------------

[2022-10-13 17:17:23 #1 store] 
Database 'C:\Users\uroa3\Desktop\Proyecto IS2\BetCompleted22\src\main\resources\bets.temp' is opened by 13372@LAPTOP-SDHIQ3T1

[2022-10-13 17:17:24 #2 type.registry] 
New type domain.User

[2022-10-13 17:17:24 #3 type.registry] 
New type domain.Registered

[2022-10-13 17:17:24 #4 type] 
Type domain.User is not enhanced.

[2022-10-13 17:17:24 #5 type.registry] 
New type domain.Elkarrizketa

[2022-10-13 17:17:24 #6 type.registry] 
New type java.util.Vector<domain.Elkarrizketa>

[2022-10-13 17:17:24 #7 type.registry] 
New type domain.Message

[2022-10-13 17:17:24 #8 type.registry] 
New type java.util.Vector<domain.Message>

[2022-10-13 17:17:24 #9 type] 
Type domain.Registered is not enhanced.

[2022-10-13 17:17:24 #10 type.registry] 
New type domain.Team

[2022-10-13 17:17:24 #11 type.registry] 
New type domain.KirolEstatistikak

[2022-10-13 17:17:24 #12 type.registry] 
New type java.util.Vector<domain.KirolEstatistikak>

[2022-10-13 17:17:24 #13 type.registry] 
New type domain.Jarraitzailea

[2022-10-13 17:17:24 #14 type.registry] 
New type java.util.Vector<domain.Jarraitzailea>

[2022-10-13 17:17:24 #15 type.registry] 
New type domain.ApustuAnitza

[2022-10-13 17:17:24 #16 type.registry] 
New type java.util.Vector<domain.ApustuAnitza>

[2022-10-13 17:17:24 #17 type.registry] 
New type domain.Transaction

[2022-10-13 17:17:24 #18 type.registry] 
New type java.util.Vector<domain.Transaction>

[2022-10-13 17:17:24 #19 type] 
Type domain.Elkarrizketa is not enhanced.

[2022-10-13 17:17:24 #20 type] 
Type domain.Message is not enhanced.

[2022-10-13 17:17:24 #21 type] 
Type domain.Team is not enhanced.

[2022-10-13 17:17:24 #22 type.registry] 
New type domain.Event

[2022-10-13 17:17:24 #23 type.registry] 
New type java.util.Vector<domain.Event>

[2022-10-13 17:17:24 #24 type.registry] 
New type java.util.Vector<domain.Registered>

[2022-10-13 17:17:24 #25 type] 
Type domain.KirolEstatistikak is not enhanced.

[2022-10-13 17:17:24 #26 type.registry] 
New type domain.Sport

[2022-10-13 17:17:24 #27 type] 
Type domain.Jarraitzailea is not enhanced.

[2022-10-13 17:17:24 #28 type] 
Type domain.ApustuAnitza is not enhanced.

[2022-10-13 17:17:24 #29 type.registry] 
New type domain.Apustua

[2022-10-13 17:17:24 #30 type.registry] 
New type java.util.Vector<domain.Apustua>

[2022-10-13 17:17:24 #31 type] 
Type domain.Transaction is not enhanced.

[2022-10-13 17:17:24 #32 type] 
Type domain.Event is not enhanced.

[2022-10-13 17:17:24 #33 type.registry] 
New type domain.Question

[2022-10-13 17:17:24 #34 type.registry] 
New type java.util.Vector<domain.Question>

[2022-10-13 17:17:24 #35 type] 
Type domain.Sport is not enhanced.

[2022-10-13 17:17:24 #36 type] 
Type domain.Apustua is not enhanced.

[2022-10-13 17:17:24 #37 type.registry] 
New type domain.Quote

[2022-10-13 17:17:24 #38 type] 
Type domain.Question is not enhanced.

[2022-10-13 17:17:24 #39 type.registry] 
New type java.util.Vector<domain.Quote>

[2022-10-13 17:17:24 #40 type] 
Type domain.Quote is not enhanced.

------------------------------------------------------------------------------------------------------------------------

[2022-10-13 17:17:41 #1 store] 
Database 'C:\Users\uroa3\Desktop\Proyecto IS2\BetCompleted22\src\main\resources\bets.temp' is opened by 12572@LAPTOP-SDHIQ3T1

[2022-10-13 17:17:41 #2 type.registry] 
New type domain.Sport

[2022-10-13 17:17:41 #3 type] 
Type domain.Sport is not enhanced.

[2022-10-13 17:17:41 #4 type.registry] 
New type domain.KirolEstatistikak

[2022-10-13 17:17:41 #5 type.registry] 
New type java.util.Vector<domain.KirolEstatistikak>

[2022-10-13 17:17:41 #6 type.registry] 
New type domain.Event

[2022-10-13 17:17:41 #7 type.registry] 
New type java.util.Vector<domain.Event>

[2022-10-13 17:17:41 #8 type] 
Type domain.KirolEstatistikak is not enhanced.

[2022-10-13 17:17:41 #9 type.registry] 
New type domain.User

[2022-10-13 17:17:41 #10 type.registry] 
New type domain.Registered

[2022-10-13 17:17:41 #11 type] 
Type domain.Event is not enhanced.

[2022-10-13 17:17:41 #12 type.registry] 
New type domain.Team

[2022-10-13 17:17:41 #13 type.registry] 
New type domain.Question

[2022-10-13 17:17:41 #14 type.registry] 
New type java.util.Vector<domain.Question>

[2022-10-13 17:17:41 #15 type] 
Type domain.User is not enhanced.

[2022-10-13 17:17:41 #16 type.registry] 
New type domain.Elkarrizketa

[2022-10-13 17:17:41 #17 type.registry] 
New type java.util.Vector<domain.Elkarrizketa>

[2022-10-13 17:17:41 #18 type.registry] 
New type domain.Message

[2022-10-13 17:17:41 #19 type.registry] 
New type java.util.Vector<domain.Message>

[2022-10-13 17:17:41 #20 type] 
Type domain.Registered is not enhanced.

[2022-10-13 17:17:41 #21 type.registry] 
New type domain.Jarraitzailea

[2022-10-13 17:17:41 #22 type.registry] 
New type java.util.Vector<domain.Jarraitzailea>

[2022-10-13 17:17:41 #23 type.registry] 
New type domain.ApustuAnitza

[2022-10-13 17:17:41 #24 type.registry] 
New type java.util.Vector<domain.ApustuAnitza>

[2022-10-13 17:17:41 #25 type.registry] 
New type domain.Transaction

[2022-10-13 17:17:41 #26 type.registry] 
New type java.util.Vector<domain.Transaction>

[2022-10-13 17:17:41 #27 type] 
Type domain.Team is not enhanced.

[2022-10-13 17:17:41 #28 type.registry] 
New type java.util.Vector<domain.Registered>

[2022-10-13 17:17:41 #29 type] 
Type domain.Question is not enhanced.

[2022-10-13 17:17:41 #30 type.registry] 
New type domain.Quote

[2022-10-13 17:17:41 #31 type.registry] 
New type java.util.Vector<domain.Quote>

[2022-10-13 17:17:41 #32 type] 
Type domain.Elkarrizketa is not enhanced.

[2022-10-13 17:17:41 #33 type] 
Type domain.Message is not enhanced.

[2022-10-13 17:17:41 #34 type] 
Type domain.Jarraitzailea is not enhanced.

[2022-10-13 17:17:41 #35 type] 
Type domain.ApustuAnitza is not enhanced.

[2022-10-13 17:17:41 #36 type.registry] 
New type domain.Apustua

[2022-10-13 17:17:41 #37 type.registry] 
New type java.util.Vector<domain.Apustua>

[2022-10-13 17:17:41 #38 type] 
Type domain.Transaction is not enhanced.

[2022-10-13 17:17:41 #39 type] 
Type domain.Quote is not enhanced.

[2022-10-13 17:17:41 #40 type] 
Type domain.Apustua is not enhanced.

