------------------------------------------------------------------------------------------------------------------------

[2022-10-04 14:30:17 #1 store] 
Database 'C:\Users\uroa3\Desktop\Proyecto IS2\BetCompleted22\src\main\resources\bets.temp' is opened by 3812@LAPTOP-SDHIQ3T1

[2022-10-04 14:30:18 #2 type.registry] 
New type domain.Team

[2022-10-04 14:30:18 #3 type] 
Type domain.Team is not enhanced.

[2022-10-04 14:30:18 #4 type.registry] 
New type domain.Event

[2022-10-04 14:30:18 #5 type.registry] 
New type java.util.Vector<domain.Event>

[2022-10-04 14:30:18 #6 type.registry] 
New type domain.User

[2022-10-04 14:30:18 #7 type.registry] 
New type domain.Registered

[2022-10-04 14:30:18 #8 type.registry] 
New type java.util.Vector<domain.Registered>

[2022-10-04 14:30:18 #9 type] 
Type domain.Event is not enhanced.

[2022-10-04 14:30:18 #10 type.registry] 
New type domain.Sport

[2022-10-04 14:30:18 #11 type.registry] 
New type domain.Question

[2022-10-04 14:30:18 #12 type.registry] 
New type java.util.Vector<domain.Question>

[2022-10-04 14:30:18 #13 type] 
Type domain.User is not enhanced.

[2022-10-04 14:30:18 #14 type.registry] 
New type domain.Elkarrizketa

[2022-10-04 14:30:18 #15 type.registry] 
New type java.util.Vector<domain.Elkarrizketa>

[2022-10-04 14:30:18 #16 type.registry] 
New type domain.Message

[2022-10-04 14:30:18 #17 type.registry] 
New type java.util.Vector<domain.Message>

[2022-10-04 14:30:18 #18 type] 
Type domain.Registered is not enhanced.

[2022-10-04 14:30:18 #19 type.registry] 
New type domain.KirolEstatistikak

[2022-10-04 14:30:18 #20 type.registry] 
New type java.util.Vector<domain.KirolEstatistikak>

[2022-10-04 14:30:18 #21 type.registry] 
New type domain.Jarraitzailea

[2022-10-04 14:30:18 #22 type.registry] 
New type java.util.Vector<domain.Jarraitzailea>

[2022-10-04 14:30:18 #23 type.registry] 
New type domain.ApustuAnitza

[2022-10-04 14:30:18 #24 type.registry] 
New type java.util.Vector<domain.ApustuAnitza>

[2022-10-04 14:30:18 #25 type.registry] 
New type domain.Transaction

[2022-10-04 14:30:18 #26 type.registry] 
New type java.util.Vector<domain.Transaction>

[2022-10-04 14:30:18 #27 type] 
Type domain.Sport is not enhanced.

[2022-10-04 14:30:18 #28 type] 
Type domain.Question is not enhanced.

[2022-10-04 14:30:18 #29 type.registry] 
New type domain.Quote

[2022-10-04 14:30:18 #30 type.registry] 
New type java.util.Vector<domain.Quote>

[2022-10-04 14:30:18 #31 type] 
Type domain.Elkarrizketa is not enhanced.

[2022-10-04 14:30:18 #32 type] 
Type domain.Message is not enhanced.

[2022-10-04 14:30:18 #33 type] 
Type domain.KirolEstatistikak is not enhanced.

[2022-10-04 14:30:18 #34 type] 
Type domain.Jarraitzailea is not enhanced.

[2022-10-04 14:30:18 #35 type] 
Type domain.ApustuAnitza is not enhanced.

[2022-10-04 14:30:18 #36 type.registry] 
New type domain.Apustua

[2022-10-04 14:30:18 #37 type.registry] 
New type java.util.Vector<domain.Apustua>

[2022-10-04 14:30:18 #38 type] 
Type domain.Transaction is not enhanced.

[2022-10-04 14:30:18 #39 type] 
Type domain.Quote is not enhanced.

[2022-10-04 14:30:18 #40 type] 
Type domain.Apustua is not enhanced.

